OnlyIntent/app/build/intermediates/manifest_merge_blame_file/debug/manifest-merger-blame-debug-report.txt
1<?xml version="1.0" encoding="utf-8"?>
2<manifest xmlns:android="http://schemas.android.com/apk/res/android"
3    package="com.example.intentonly"
4    android:versionCode="1"
5    android:versionName="1.0" >
6
7    <uses-sdk
7-->src\main\AndroidManifest.xml:7:5-47
8        android:minSdkVersion="14"
8-->src\main\AndroidManifest.xml:7:5-47
9        android:targetSdkVersion="16" />
9-->src\main\AndroidManifest.xml:7:15-44
10
11    <uses-permission android:name="android.permission.SEND_SMS" />
11-->src\main\AndroidManifest.xml:8:5-67
11-->src\main\AndroidManifest.xml:8:22-64
12    <uses-permission android:name="android.permission.READ_PHONE_STATE" />
12-->src\main\AndroidManifest.xml:9:5-75
12-->src\main\AndroidManifest.xml:9:22-72
13    <uses-permission android:name="android.permission.WRITE_SMS" />
13-->src\main\AndroidManifest.xml:10:5-68
13-->src\main\AndroidManifest.xml:10:22-65
14    <uses-permission android:name="android.permission.INTERNET" />
14-->src\main\AndroidManifest.xml:11:6-68
14-->src\main\AndroidManifest.xml:11:23-65
15
16    <application
16-->src\main\AndroidManifest.xml:13:5-31:19
17        android:allowBackup="true"
17-->src\main\AndroidManifest.xml:14:9-35
18        android:debuggable="true"
19        android:icon="@drawable/ic_launcher"
19-->src\main\AndroidManifest.xml:15:9-45
20        android:label="@string/app_name"
20-->src\main\AndroidManifest.xml:16:9-41
21        android:theme="@style/AppTheme" >
21-->src\main\AndroidManifest.xml:17:9-40
22        <activity
22-->src\main\AndroidManifest.xml:18:9-26:20
23            android:name="com.example.intentonly.MainActivity"
23-->src\main\AndroidManifest.xml:19:13-63
24            android:label="@string/app_name" >
24-->src\main\AndroidManifest.xml:20:13-45
25            <intent-filter>
25-->src\main\AndroidManifest.xml:21:13-25:29
26                <action android:name="android.intent.action.MAIN" />
26-->src\main\AndroidManifest.xml:22:17-69
26-->src\main\AndroidManifest.xml:22:25-66
27
28                <category android:name="android.intent.category.LAUNCHER" />
28-->src\main\AndroidManifest.xml:24:17-77
28-->src\main\AndroidManifest.xml:24:27-74
29            </intent-filter>
30        </activity>
31        <activity
31-->src\main\AndroidManifest.xml:27:9-30:20
32            android:name="com.example.intentonly.Activity2"
32-->src\main\AndroidManifest.xml:28:13-60
33            android:label="@string/title_activity_activity2" >
33-->src\main\AndroidManifest.xml:29:13-61
34        </activity>
35    </application>
36
37</manifest>